Application/build/outputs/logs/manifest-merger-debug-report.txt
-- Merging decision tree log ---
manifest
ADDED from src\main\AndroidManifest.xml:17:1-37:12
	package
		ADDED from src\main\AndroidManifest.xml:18:5-43
	android:versionName
		ADDED from src\main\AndroidManifest.xml:20:5-30
		INJECTED from src\main\AndroidManifest.xml
		INJECTED from src\main\AndroidManifest.xml
	android:versionCode
		ADDED from src\main\AndroidManifest.xml:19:5-28
		INJECTED from src\main\AndroidManifest.xml
		INJECTED from src\main\AndroidManifest.xml
	xmlns:android
		ADDED from src\main\AndroidManifest.xml:17:11-69
application
ADDED from src\main\AndroidManifest.xml:22:5-35:19
MERGED from [com.android.support:cardview-v7:24.0.0] AndroidManifest.xml:22:5-20
MERGED from [com.android.support:support-v4:25.0.1] AndroidManifest.xml:25:5-20
MERGED from [com.android.support:support-fragment:25.0.1] AndroidManifest.xml:25:5-20
MERGED from [com.android.support:support-media-compat:25.0.1] AndroidManifest.xml:25:5-20
MERGED from [com.android.support:support-core-ui:25.0.1] AndroidManifest.xml:25:5-20
MERGED from [com.android.support:support-core-utils:25.0.1] AndroidManifest.xml:25:5-20
MERGED from [com.android.support:support-compat:25.0.1] AndroidManifest.xml:25:5-20
	android:label
		ADDED from src\main\AndroidManifest.xml:25:9-41
	android:allowBackup
		ADDED from src\main\AndroidManifest.xml:23:9-35
	android:icon
		ADDED from src\main\AndroidManifest.xml:24:9-45
	android:theme
		ADDED from src\main\AndroidManifest.xml:26:9-40
activity#com.example.android.cardview.CardViewActivity
ADDED from src\main\AndroidManifest.xml:27:9-34:20
	android:label
		ADDED from src\main\AndroidManifest.xml:29:13-45
	android:name
		ADDED from src\main\AndroidManifest.xml:28:13-45
intent-filter#android.intent.action.MAIN+android.intent.category.LAUNCHER
ADDED from src\main\AndroidManifest.xml:30:13-33:29
action#android.intent.action.MAIN
ADDED from src\main\AndroidManifest.xml:31:17-69
	android:name
		ADDED from src\main\AndroidManifest.xml:31:25-66
category#android.intent.category.LAUNCHER
ADDED from src\main\AndroidManifest.xml:32:17-77
	android:name
		ADDED from src\main\AndroidManifest.xml:32:27-74
uses-sdk
INJECTED from src\main\AndroidManifest.xml reason: use-sdk injection requested
MERGED from [com.android.support:cardview-v7:24.0.0] AndroidManifest.xml:20:5-43
MERGED from [com.android.support:support-v4:25.0.1] AndroidManifest.xml:21:5-23:54
MERGED from [com.android.support:support-fragment:25.0.1] AndroidManifest.xml:21:5-23:60
MERGED from [com.android.support:support-media-compat:25.0.1] AndroidManifest.xml:21:5-23:63
MERGED from [com.android.support:support-core-ui:25.0.1] AndroidManifest.xml:21:5-23:58
MERGED from [com.android.support:support-core-utils:25.0.1] AndroidManifest.xml:21:5-23:61
MERGED from [com.android.support:support-compat:25.0.1] AndroidManifest.xml:21:5-23:58
	tools:overrideLibrary
		ADDED from [com.android.support:support-v4:25.0.1] AndroidManifest.xml:23:9-51
	android:targetSdkVersion
		INJECTED from src\main\AndroidManifest.xml
		INJECTED from src\main\AndroidManifest.xml
	android:minSdkVersion
		INJECTED from src\main\AndroidManifest.xml
		INJECTED from src\main\AndroidManifest.xml